Grammar

    0 $accept: all $end

    1 all: USELESS


Terminals, with rules where they appear

$end (0) 0
error (256)
USELESS (258) 1


Nonterminals, with rules where they appear

$accept (4)
    on left: 0
all (5)
    on left: 1, on right: 0


state 0

    0 $accept: . all $end

    USELESS  shift, and go to state 1

    all  go to state 2


state 1

    1 all: USELESS .

    $default  reduce using rule 1 (all)


state 2

    0 $accept: all . $end

    $end  shift, and go to state 3


state 3

    0 $accept: all $end .

    $default  accept
